<?xml version="1.0" encoding="utf-8"?><testsuites name="pytest tests"><testsuite name="pytest" errors="0" failures="0" skipped="0" tests="21" time="2.550" timestamp="2026-06-16T14:53:54.267331+00:00" hostname="agent-env-5c72ac82-b76e-4563-a1db-478b0eb4210b"><testcase classname="backend.tests.test_admin_api.TestAdminLogin" name="test_admin_login_wrong_pin" time="0.148" /><testcase classname="backend.tests.test_admin_api.TestAdminLogin" name="test_admin_login_correct_pin" time="0.042" /><testcase classname="backend.tests.test_admin_api.TestAdminLogin" name="test_admin_endpoint_rejects_without_token" time="0.045" /><testcase classname="backend.tests.test_admin_api.TestAdminLogin" name="test_admin_endpoint_rejects_bad_token" time="0.045" /><testcase classname="backend.tests.test_admin_api.TestAdminLogin" name="test_admin_me_with_token" time="0.092" /><testcase classname="backend.tests.test_admin_api.TestAdminStats" name="test_stats_shape" time="0.053" /><testcase classname="backend.tests.test_admin_api.TestAdminMembers" name="test_list_members_no_id_leak" time="0.177" /><testcase classname="backend.tests.test_admin_api.TestAdminMembers" name="test_search_by_member_id_prefix" time="0.039" /><testcase classname="backend.tests.test_admin_api.TestAdminMembers" name="test_get_member_with_transactions" time="0.046" /><testcase classname="backend.tests.test_admin_api.TestAdminMembers" name="test_patch_member_points_balance" time="0.089" /><testcase classname="backend.tests.test_admin_api.TestAdminMembers" name="test_patch_member_tier_override" time="0.124" /><testcase classname="backend.tests.test_admin_api.TestAdminMembers" name="test_patch_suspended_blocks_member_login" time="0.250" /><testcase classname="backend.tests.test_admin_api.TestAdminCreditPoints" name="test_credit_points_success" time="0.134" /><testcase classname="backend.tests.test_admin_api.TestAdminCreditPoints" name="test_credit_points_tier_promotion" time="0.184" /><testcase classname="backend.tests.test_admin_api.TestAdminCreditPoints" name="test_credit_points_unknown_member" time="0.048" /><testcase classname="backend.tests.test_admin_api.TestAdminCreditPoints" name="test_credit_points_invalid_amount" time="0.092" /><testcase classname="backend.tests.test_admin_api.TestAdminVerifyRedemption" name="test_verify_redemption_flow" time="0.217" /><testcase classname="backend.tests.test_admin_api.TestAdminVerifyRedemption" name="test_verify_unknown_code" time="0.045" /><testcase classname="backend.tests.test_admin_api.TestAdminRewards" name="test_admin_list_includes_inactive" time="0.216" /><testcase classname="backend.tests.test_admin_api.TestAdminRewards" name="test_patch_reward" time="0.214" /><testcase classname="backend.tests.test_admin_api.TestAdminRewards" name="test_patch_unknown_reward" time="0.046" /></testsuite></testsuites>