<?xml version="1.0" encoding="utf-8"?><testsuites name="pytest tests"><testsuite name="pytest" errors="0" failures="0" skipped="0" tests="21" time="2.448" timestamp="2026-06-16T14:19:52.890785+00:00" hostname="agent-env-5c72ac82-b76e-4563-a1db-478b0eb4210b"><testcase classname="backend.tests.test_playgolf_api.TestAuth" name="test_request_otp_returns_dev_otp" time="0.259" /><testcase classname="backend.tests.test_playgolf_api.TestAuth" name="test_request_otp_invalid_phone" time="0.049" /><testcase classname="backend.tests.test_playgolf_api.TestAuth" name="test_verify_otp_wrong_code" time="0.091" /><testcase classname="backend.tests.test_playgolf_api.TestAuth" name="test_verify_otp_idempotent_same_phone" time="0.186" /><testcase classname="backend.tests.test_playgolf_api.TestMe" name="test_me_returns_user_no_underscore_id" time="0.043" /><testcase classname="backend.tests.test_playgolf_api.TestMe" name="test_me_requires_auth" time="0.044" /><testcase classname="backend.tests.test_playgolf_api.TestRewards" name="test_rewards_seeded_ten" time="0.046" /><testcase classname="backend.tests.test_playgolf_api.TestRewards" name="test_rewards_category_filter_range" time="0.042" /><testcase classname="backend.tests.test_playgolf_api.TestRewards" name="test_reward_detail" time="0.095" /><testcase classname="backend.tests.test_playgolf_api.TestRewards" name="test_reward_detail_404" time="0.048" /><testcase classname="backend.tests.test_playgolf_api.TestRewards" name="test_rewards_public_no_auth" time="0.046" /><testcase classname="backend.tests.test_playgolf_api.TestPoints" name="test_add_points_promotes_silver_to_gold" time="0.198" /><testcase classname="backend.tests.test_playgolf_api.TestPoints" name="test_add_points_requires_auth" time="0.042" /><testcase classname="backend.tests.test_playgolf_api.TestPoints" name="test_add_points_invalid" time="0.045" /><testcase classname="backend.tests.test_playgolf_api.TestRedeem" name="test_redeem_insufficient_points" time="0.098" /><testcase classname="backend.tests.test_playgolf_api.TestRedeem" name="test_redeem_success_deducts_points" time="0.475" /><testcase classname="backend.tests.test_playgolf_api.TestRedeem" name="test_redeem_unknown_reward" time="0.047" /><testcase classname="backend.tests.test_playgolf_api.TestRedeem" name="test_redeem_requires_auth" time="0.042" /><testcase classname="backend.tests.test_playgolf_api.TestTransactions" name="test_transactions_after_actions_sorted_desc" time="0.279" /><testcase classname="backend.tests.test_playgolf_api.TestTransactions" name="test_transactions_requires_auth" time="0.044" /><testcase classname="backend.tests.test_playgolf_api.TestRoot" name="test_root" time="0.043" /></testsuite></testsuites>